<?xml version="1.0" encoding="UTF-8" ?>
<testsuite tests="2" failures="0" name="AppTest" time="0.071" errors="0" skipped="0">
  <properties>
    <property name="idea.version" value="14.1.6"/>
    <property name="java.runtime.name" value="Java(TM) SE Runtime Environment"/>
    <property name="sun.boot.library.path" value="C:\Program Files (x86)\Java\jdk1.8.0_66\jre\bin"/>
    <property name="java.vm.version" value="25.66-b18"/>
    <property name="user.country.format" value="RU"/>
    <property name="java.vm.vendor" value="Oracle Corporation"/>
    <property name="java.vendor.url" value="http://java.oracle.com/"/>
    <property name="path.separator" value=";"/>
    <property name="guice.disable.misplaced.annotation.check" value="true"/>
    <property name="java.vm.name" value="Java HotSpot(TM) Client VM"/>
    <property name="file.encoding.pkg" value="sun.io"/>
    <property name="idea.launcher.port" value="7533"/>
    <property name="user.script" value=""/>
    <property name="user.country" value="US"/>
    <property name="sun.java.launcher" value="SUN_STANDARD"/>
    <property name="sun.os.patch.level" value=""/>
    <property name="java.vm.specification.name" value="Java Virtual Machine Specification"/>
    <property name="user.dir" value="C:\Projects\workspace02\my-app"/>
    <property name="java.runtime.version" value="1.8.0_66-b18"/>
    <property name="java.awt.graphicsenv" value="sun.awt.Win32GraphicsEnvironment"/>
    <property name="java.endorsed.dirs" value="C:\Program Files (x86)\Java\jdk1.8.0_66\jre\lib\endorsed"/>
    <property name="os.arch" value="x86"/>
    <property name="java.io.tmpdir" value="C:\Users\Andrei\AppData\Local\Temp\"/>
    <property name="line.separator" value="
"/>
    <property name="java.vm.specification.vendor" value="Oracle Corporation"/>
    <property name="user.variant" value=""/>
    <property name="os.name" value="Windows 8.1"/>
    <property name="classworlds.conf" value="C:\Application\JetBrains\IntelliJ IDEA Community Edition 14.1.5\plugins\maven\lib\maven3\bin\m2.conf"/>
    <property name="sun.jnu.encoding" value="Cp1251"/>
    <property name="java.library.path" value="C:\Program Files (x86)\Java\jdk1.8.0_66\bin;C:\Windows\Sun\Java\bin;C:\Windows\system32;C:\Windows;C:\Program Files (x86)\Java\jdk1.8.0_66\bin;C:\Windows\system32;C:\Windows;C:\Windows\System32\Wbem;C:\Windows\System32\WindowsPowerShell\v1.0\;C:\Program Files\Common Files\Autodesk Shared\;C:\Application\Git\cmd;C:\Program Files (x86)\Microsoft SQL Server\80\Tools\Binn\;C:\Program Files (x86)\Microsoft SDKs\TypeScript\1.0\;C:\Program Files (x86)\Microsoft SDKs\TypeScript\1.4\;C:\Application\scala\bin;C:\Application\Liquid Technologies\Liquid XML Studio 2011\XmlDataBinder9\Redist9\cpp\win32\bin;C:\Application\erl6.4\bin;C:\Application\sbt\bin;C:\Application\nodejs\;C:\Program Files (x86)\Skype\Phone\;C:\Program Files\dotnet\bin;C:\Application\Go\bin;C:\Program Files (x86)\Java\jdk1.8.0_66\bin;C:\Windows\system32;C:\Windows;C:\Windows\System32\Wbem;C:\Windows\System32\WindowsPowerShell\v1.0\;C:\Program Files\Common Files\Autodesk Shared\;C:\Application\Git\cmd;C:\Program Files (x86)\Microsoft SQL Server\80\Tools\Binn\;C:\Program Files (x86)\Microsoft SDKs\TypeScript\1.0\;C:\Program Files (x86)\Microsoft SDKs\TypeScript\1.4\;C:\Application\scala\bin;C:\Application\Liquid Technologies\Liquid XML Studio 2011\XmlDataBinder9\Redist9\cpp\win32\bin;C:\Application\erl6.4\bin;C:\Application\sbt\bin;C:\Application\nodejs\;C:\Program Files (x86)\Skype\Phone\;C:\Program Files\dotnet\bin;C:\Application\Go\bin;C:\Application\mingw-w64\i686-5.1.0-posix-dwarf-rt_v4-rev0\mingw32\bin;C:\Application\Google\go_appengine\;C:\Application\TCL\bin;C:\Application\Anaconda;C:\Application\Anaconda\Scripts;C:\Application\Anaconda\Library\bin;C:\Application\Julia-0.4.2\bin;C:\Users\Andrei\AppData\Local\Programs\Python\Python35\;C:\Application\Ruby193\bin;C:\Application\maven\bin;C:\Application\Mercurial;C:\Program Files\Boot2Docker for Windows;C:\Users\Andrei\AppData\Local\Code\bin;C:\Application\clojure-1.6.0;C:\Users\Andrei\AppData\Roaming\npm;C:\Application\Google\google_appengine\;C:\Application\Rust\bin;."/>
    <property name="java.specification.name" value="Java Platform API Specification"/>
    <property name="java.class.version" value="52.0"/>
    <property name="sun.management.compiler" value="HotSpot Client Compiler"/>
    <property name="os.version" value="6.3"/>
    <property name="user.home" value="C:\Users\Andrei"/>
    <property name="user.timezone" value="Europe/Moscow"/>
    <property name="java.awt.printerjob" value="sun.awt.windows.WPrinterJob"/>
    <property name="java.specification.version" value="1.8"/>
    <property name="idea.launcher.bin.path" value="C:\Application\JetBrains\IntelliJ IDEA Community Edition 14.1.5\bin"/>
    <property name="file.encoding" value="windows-1251"/>
    <property name="user.name" value="Andrei"/>
    <property name="java.class.path" value="C:\Application\JetBrains\IntelliJ IDEA Community Edition 14.1.5\plugins\maven\lib\maven3\boot\plexus-classworlds-2.4.jar;C:\Application\JetBrains\IntelliJ IDEA Community Edition 14.1.5\lib\idea_rt.jar"/>
    <property name="java.vm.specification.version" value="1.8"/>
    <property name="sun.arch.data.model" value="32"/>
    <property name="java.home" value="C:\Program Files (x86)\Java\jdk1.8.0_66\jre"/>
    <property name="sun.java.command" value="com.intellij.rt.execution.application.AppMain org.codehaus.classworlds.Launcher -Didea.version=14.1.6 package"/>
    <property name="java.specification.vendor" value="Oracle Corporation"/>
    <property name="user.language" value="en"/>
    <property name="user.language.format" value="ru"/>
    <property name="awt.toolkit" value="sun.awt.windows.WToolkit"/>
    <property name="java.vm.info" value="mixed mode, sharing"/>
    <property name="java.version" value="1.8.0_66"/>
    <property name="java.ext.dirs" value="C:\Program Files (x86)\Java\jdk1.8.0_66\jre\lib\ext;C:\Windows\Sun\Java\lib\ext"/>
    <property name="sun.boot.class.path" value="C:\Program Files (x86)\Java\jdk1.8.0_66\jre\lib\resources.jar;C:\Program Files (x86)\Java\jdk1.8.0_66\jre\lib\rt.jar;C:\Program Files (x86)\Java\jdk1.8.0_66\jre\lib\sunrsasign.jar;C:\Program Files (x86)\Java\jdk1.8.0_66\jre\lib\jsse.jar;C:\Program Files (x86)\Java\jdk1.8.0_66\jre\lib\jce.jar;C:\Program Files (x86)\Java\jdk1.8.0_66\jre\lib\charsets.jar;C:\Program Files (x86)\Java\jdk1.8.0_66\jre\lib\jfr.jar;C:\Program Files (x86)\Java\jdk1.8.0_66\jre\classes"/>
    <property name="java.vendor" value="Oracle Corporation"/>
    <property name="maven.home" value="C:\Application\JetBrains\IntelliJ IDEA Community Edition 14.1.5\plugins\maven\lib\maven3"/>
    <property name="file.separator" value="\"/>
    <property name="java.vendor.url.bug" value="http://bugreport.sun.com/bugreport/"/>
    <property name="sun.cpu.endian" value="little"/>
    <property name="sun.io.unicode.encoding" value="UnicodeLittle"/>
    <property name="sun.desktop" value="windows"/>
    <property name="sun.cpu.isalist" value="pentium_pro+mmx pentium_pro pentium+mmx pentium i486 i386 i86"/>
  </properties>
  <testcase classname="AppTest" name="testApp" time="0.001"/>
  <testcase classname="AppTest" name="testSmCreate" time="0"/>
</testsuite>